[1.148s] Invoking command in '/home/sp/robot_ws/build/sample': PYTHONPATH=/home/sp/robot_ws/build/sample/prefix_override:/home/sp/robot_ws/install/sample/lib/python3.8/site-packages:${PYTHONPATH} /usr/bin/python3 setup.py develop --editable --build-directory /home/sp/robot_ws/build/sample/build --no-deps install_data
[1.324s] /home/sp/.local/lib/python3.8/site-packages/setuptools/dist.py:745: SetuptoolsDeprecationWarning: Invalid dash-separated options
[1.324s] !!
[1.324s] 
[1.324s]         ********************************************************************************
[1.324s]         Usage of dash-separated 'script-dir' will not be supported in future
[1.324s]         versions. Please use the underscore name 'script_dir' instead.
[1.324s] 
[1.324s]         By 2023-Sep-26, you need to update your project and remove deprecated calls
[1.324s]         or your builds will no longer be supported.
[1.324s] 
[1.324s]         See https://setuptools.pypa.io/en/latest/userguide/declarative_config.html for details.
[1.324s]         ********************************************************************************
[1.325s] 
[1.325s] !!
[1.325s]   opt = self.warn_dash_deprecation(opt, section)
[1.569s] running develop
[1.570s] /home/sp/.local/lib/python3.8/site-packages/setuptools/command/develop.py:40: EasyInstallDeprecationWarning: easy_install command is deprecated.
[1.570s] !!
[1.570s] 
[1.570s]         ********************************************************************************
[1.570s]         Please avoid running ``setup.py`` and ``easy_install``.
[1.570s]         Instead, use pypa/build, pypa/installer or other
[1.571s]         standards-based tools.
[1.571s] 
[1.571s]         See https://github.com/pypa/setuptools/issues/917 for details.
[1.571s]         ********************************************************************************
[1.571s] 
[1.571s] !!
[1.571s]   easy_install.initialize_options(self)
[1.614s] /home/sp/.local/lib/python3.8/site-packages/setuptools/_distutils/cmd.py:66: SetuptoolsDeprecationWarning: setup.py install is deprecated.
[1.614s] !!
[1.614s] 
[1.614s]         ********************************************************************************
[1.614s]         Please avoid running ``setup.py`` directly.
[1.614s]         Instead, use pypa/build, pypa/installer or other
[1.614s]         standards-based tools.
[1.614s] 
[1.615s]         See https://blog.ganssle.io/articles/2021/10/setup-py-deprecated.html for details.
[1.615s]         ********************************************************************************
[1.615s] 
[1.615s] !!
[1.615s]   self.initialize_options()
[1.824s] running egg_info
[1.824s] creating sample.egg-info
[1.844s] writing sample.egg-info/PKG-INFO
[1.844s] writing dependency_links to sample.egg-info/dependency_links.txt
[1.844s] writing entry points to sample.egg-info/entry_points.txt
[1.844s] writing requirements to sample.egg-info/requires.txt
[1.845s] writing top-level names to sample.egg-info/top_level.txt
[1.846s] writing manifest file 'sample.egg-info/SOURCES.txt'
[1.893s] reading manifest file 'sample.egg-info/SOURCES.txt'
[1.894s] writing manifest file 'sample.egg-info/SOURCES.txt'
[1.962s] running build_ext
[1.962s] Creating /home/sp/robot_ws/install/sample/lib/python3.8/site-packages/sample.egg-link (link to .)
[1.963s] Installing build_map script to /home/sp/robot_ws/install/sample/lib/sample
[1.963s] Installing feature_points script to /home/sp/robot_ws/install/sample/lib/sample
[1.963s] Installing map_talker script to /home/sp/robot_ws/install/sample/lib/sample
[1.964s] Installing map_talker_copy script to /home/sp/robot_ws/install/sample/lib/sample
[1.964s] Installing odom_subscriber script to /home/sp/robot_ws/install/sample/lib/sample
[1.964s] Installing tf_broadcaster script to /home/sp/robot_ws/install/sample/lib/sample
[1.964s] Installing zed_depth_tester script to /home/sp/robot_ws/install/sample/lib/sample
[1.964s] Installing zed_odom_tester script to /home/sp/robot_ws/install/sample/lib/sample
[1.965s] 
[1.965s] Installed /home/sp/robot_ws/build/sample
[1.965s] running install_data
[1.965s] creating /home/sp/robot_ws/install/sample/share/ament_index
[1.965s] creating /home/sp/robot_ws/install/sample/share/ament_index/resource_index
[1.965s] creating /home/sp/robot_ws/install/sample/share/ament_index/resource_index/packages
[1.965s] copying resource/sample -> /home/sp/robot_ws/install/sample/share/ament_index/resource_index/packages
[1.965s] copying package.xml -> /home/sp/robot_ws/install/sample/share/sample
[1.965s] copying launch/gazebo.launch.py -> /home/sp/robot_ws/install/sample/share/sample
[1.966s] copying launch/occupancy_grid.launch.py -> /home/sp/robot_ws/install/sample/share/sample
[1.966s] copying launch/feature_points.launch.py -> /home/sp/robot_ws/install/sample/share/sample
[1.966s] copying launch/cartographer.launch.py -> /home/sp/robot_ws/install/sample/share/sample
[1.966s] copying launch/build_map.launch.py -> /home/sp/robot_ws/install/sample/share/sample
[1.966s] copying assets/lds_2d (copy).lua -> /home/sp/robot_ws/install/sample/share/sample
[1.967s] copying assets/pointcloud2.txt -> /home/sp/robot_ws/install/sample/share/sample
[1.994s] copying assets/pointcloud1.txt -> /home/sp/robot_ws/install/sample/share/sample
[2.014s] copying assets/colors.xacro -> /home/sp/robot_ws/install/sample/share/sample
[2.015s] copying assets/cartographer.rviz -> /home/sp/robot_ws/install/sample/share/sample
[2.015s] copying assets/lds_2d.lua -> /home/sp/robot_ws/install/sample/share/sample
[2.015s] copying assets/scout-camera.urdf.xacro -> /home/sp/robot_ws/install/sample/share/sample
[2.015s] copying assets/samplerobot.urdf -> /home/sp/robot_ws/install/sample/share/sample
[2.069s] Invoked command in '/home/sp/robot_ws/build/sample' returned '0': PYTHONPATH=/home/sp/robot_ws/build/sample/prefix_override:/home/sp/robot_ws/install/sample/lib/python3.8/site-packages:${PYTHONPATH} /usr/bin/python3 setup.py develop --editable --build-directory /home/sp/robot_ws/build/sample/build --no-deps install_data
