running develop
running egg_info
creating sample.egg-info
writing sample.egg-info/PKG-INFO
writing dependency_links to sample.egg-info/dependency_links.txt
writing entry points to sample.egg-info/entry_points.txt
writing requirements to sample.egg-info/requires.txt
writing top-level names to sample.egg-info/top_level.txt
writing manifest file 'sample.egg-info/SOURCES.txt'
reading manifest file 'sample.egg-info/SOURCES.txt'
writing manifest file 'sample.egg-info/SOURCES.txt'
running build_ext
Creating /home/sp/robot_ws/install/sample/lib/python3.8/site-packages/sample.egg-link (link to .)
Installing build_map script to /home/sp/robot_ws/install/sample/lib/sample
Installing feature_points script to /home/sp/robot_ws/install/sample/lib/sample
Installing map_talker script to /home/sp/robot_ws/install/sample/lib/sample
Installing map_talker_copy script to /home/sp/robot_ws/install/sample/lib/sample
Installing odom_subscriber script to /home/sp/robot_ws/install/sample/lib/sample
Installing tf_broadcaster script to /home/sp/robot_ws/install/sample/lib/sample
Installing zed_depth_tester script to /home/sp/robot_ws/install/sample/lib/sample
Installing zed_odom_tester script to /home/sp/robot_ws/install/sample/lib/sample

Installed /home/sp/robot_ws/build/sample
running install_data
creating /home/sp/robot_ws/install/sample/share/ament_index
creating /home/sp/robot_ws/install/sample/share/ament_index/resource_index
creating /home/sp/robot_ws/install/sample/share/ament_index/resource_index/packages
copying resource/sample -> /home/sp/robot_ws/install/sample/share/ament_index/resource_index/packages
copying package.xml -> /home/sp/robot_ws/install/sample/share/sample
copying launch/gazebo.launch.py -> /home/sp/robot_ws/install/sample/share/sample
copying launch/occupancy_grid.launch.py -> /home/sp/robot_ws/install/sample/share/sample
copying launch/feature_points.launch.py -> /home/sp/robot_ws/install/sample/share/sample
copying launch/cartographer.launch.py -> /home/sp/robot_ws/install/sample/share/sample
copying launch/build_map.launch.py -> /home/sp/robot_ws/install/sample/share/sample
copying assets/lds_2d (copy).lua -> /home/sp/robot_ws/install/sample/share/sample
copying assets/pointcloud2.txt -> /home/sp/robot_ws/install/sample/share/sample
copying assets/pointcloud1.txt -> /home/sp/robot_ws/install/sample/share/sample
copying assets/colors.xacro -> /home/sp/robot_ws/install/sample/share/sample
copying assets/cartographer.rviz -> /home/sp/robot_ws/install/sample/share/sample
copying assets/lds_2d.lua -> /home/sp/robot_ws/install/sample/share/sample
copying assets/scout-camera.urdf.xacro -> /home/sp/robot_ws/install/sample/share/sample
copying assets/samplerobot.urdf -> /home/sp/robot_ws/install/sample/share/sample
