[1.279s] Invoking command in '/home/sp/robot_ws/build/sample': PYTHONPATH=/home/sp/robot_ws/build/sample/prefix_override:/home/sp/robot_ws/install/sample/lib/python3.8/site-packages:${PYTHONPATH} /usr/bin/python3 setup.py develop --editable --build-directory /home/sp/robot_ws/build/sample/build --no-deps install_data
[1.439s] /home/sp/.local/lib/python3.8/site-packages/setuptools/dist.py:745: SetuptoolsDeprecationWarning: Invalid dash-separated options
[1.439s] !!
[1.439s] 
[1.439s]         ********************************************************************************
[1.439s]         Usage of dash-separated 'script-dir' will not be supported in future
[1.440s]         versions. Please use the underscore name 'script_dir' instead.
[1.440s] 
[1.440s]         By 2023-Sep-26, you need to update your project and remove deprecated calls
[1.440s]         or your builds will no longer be supported.
[1.440s] 
[1.440s]         See https://setuptools.pypa.io/en/latest/userguide/declarative_config.html for details.
[1.440s]         ********************************************************************************
[1.440s] 
[1.440s] !!
[1.440s]   opt = self.warn_dash_deprecation(opt, section)
[1.677s] running develop
[1.678s] /home/sp/.local/lib/python3.8/site-packages/setuptools/command/develop.py:40: EasyInstallDeprecationWarning: easy_install command is deprecated.
[1.678s] !!
[1.678s] 
[1.678s]         ********************************************************************************
[1.678s]         Please avoid running ``setup.py`` and ``easy_install``.
[1.678s]         Instead, use pypa/build, pypa/installer or other
[1.678s]         standards-based tools.
[1.678s] 
[1.679s]         See https://github.com/pypa/setuptools/issues/917 for details.
[1.679s]         ********************************************************************************
[1.679s] 
[1.679s] !!
[1.679s]   easy_install.initialize_options(self)
[1.718s] /home/sp/.local/lib/python3.8/site-packages/setuptools/_distutils/cmd.py:66: SetuptoolsDeprecationWarning: setup.py install is deprecated.
[1.718s] !!
[1.718s] 
[1.718s]         ********************************************************************************
[1.718s]         Please avoid running ``setup.py`` directly.
[1.718s]         Instead, use pypa/build, pypa/installer or other
[1.719s]         standards-based tools.
[1.719s] 
[1.719s]         See https://blog.ganssle.io/articles/2021/10/setup-py-deprecated.html for details.
[1.719s]         ********************************************************************************
[1.719s] 
[1.719s] !!
[1.719s]   self.initialize_options()
[1.924s] running egg_info
[1.925s] creating sample.egg-info
[1.943s] writing sample.egg-info/PKG-INFO
[1.943s] writing dependency_links to sample.egg-info/dependency_links.txt
[1.944s] writing entry points to sample.egg-info/entry_points.txt
[1.944s] writing requirements to sample.egg-info/requires.txt
[1.944s] writing top-level names to sample.egg-info/top_level.txt
[1.951s] writing manifest file 'sample.egg-info/SOURCES.txt'
[1.992s] reading manifest file 'sample.egg-info/SOURCES.txt'
[1.993s] writing manifest file 'sample.egg-info/SOURCES.txt'
[2.060s] running build_ext
[2.060s] Creating /home/sp/robot_ws/install/sample/lib/python3.8/site-packages/sample.egg-link (link to .)
[2.061s] Installing build_map script to /home/sp/robot_ws/install/sample/lib/sample
[2.061s] Installing feature_points script to /home/sp/robot_ws/install/sample/lib/sample
[2.061s] Installing map_talker script to /home/sp/robot_ws/install/sample/lib/sample
[2.062s] Installing map_talker_copy script to /home/sp/robot_ws/install/sample/lib/sample
[2.062s] Installing odom_subscriber script to /home/sp/robot_ws/install/sample/lib/sample
[2.062s] Installing tf_broadcaster script to /home/sp/robot_ws/install/sample/lib/sample
[2.062s] Installing zed_depth_tester script to /home/sp/robot_ws/install/sample/lib/sample
[2.063s] Installing zed_odom_tester script to /home/sp/robot_ws/install/sample/lib/sample
[2.063s] 
[2.064s] Installed /home/sp/robot_ws/build/sample
[2.064s] running install_data
[2.064s] creating /home/sp/robot_ws/install/sample/share/ament_index
[2.064s] creating /home/sp/robot_ws/install/sample/share/ament_index/resource_index
[2.065s] creating /home/sp/robot_ws/install/sample/share/ament_index/resource_index/packages
[2.065s] copying resource/sample -> /home/sp/robot_ws/install/sample/share/ament_index/resource_index/packages
[2.065s] copying package.xml -> /home/sp/robot_ws/install/sample/share/sample
[2.065s] copying launch/gazebo.launch.py -> /home/sp/robot_ws/install/sample/share/sample
[2.065s] copying launch/occupancy_grid.launch.py -> /home/sp/robot_ws/install/sample/share/sample
[2.065s] copying launch/feature_points.launch.py -> /home/sp/robot_ws/install/sample/share/sample
[2.065s] copying launch/cartographer.launch.py -> /home/sp/robot_ws/install/sample/share/sample
[2.065s] copying launch/build_map.launch.py -> /home/sp/robot_ws/install/sample/share/sample
[2.065s] copying assets/lds_2d (copy).lua -> /home/sp/robot_ws/install/sample/share/sample
[2.067s] copying assets/pointcloud2.txt -> /home/sp/robot_ws/install/sample/share/sample
[2.130s] copying assets/pointcloud1.txt -> /home/sp/robot_ws/install/sample/share/sample
[2.191s] copying assets/colors.xacro -> /home/sp/robot_ws/install/sample/share/sample
[2.191s] copying assets/cartographer.rviz -> /home/sp/robot_ws/install/sample/share/sample
[2.192s] copying assets/lds_2d.lua -> /home/sp/robot_ws/install/sample/share/sample
[2.193s] copying assets/scout-camera.urdf.xacro -> /home/sp/robot_ws/install/sample/share/sample
[2.194s] copying assets/samplerobot.urdf -> /home/sp/robot_ws/install/sample/share/sample
[2.268s] Invoked command in '/home/sp/robot_ws/build/sample' returned '0': PYTHONPATH=/home/sp/robot_ws/build/sample/prefix_override:/home/sp/robot_ws/install/sample/lib/python3.8/site-packages:${PYTHONPATH} /usr/bin/python3 setup.py develop --editable --build-directory /home/sp/robot_ws/build/sample/build --no-deps install_data
